<?xml version="1.0" encoding="UTF-8"?>
<!-- Generated by org.testng.reporters.JUnitXMLReporter -->
<testsuite ignored="2" hostname="LAPTOP-D021V5CU" failures="0" tests="2" name="Test" time="0.075" errors="0" timestamp="2021-12-06T15:23:51 IST">
  <testcase classname="IMDB.Movies.AppiumTest" name="NativeApp" time="0.012"/>
  <testcase classname="IMDB.Movies.AppiumTest" name="HybridApp" time="0.012"/>
  <testcase classname="IMDB.Movies.SeleniumTest" name="SeleniumTest102" time="0.0">
    <ignored/>
  </testcase> <!-- SeleniumTest102 -->
  <testcase classname="IMDB.Movies.SeleniumTest" name="Test2" time="0.0">
    <ignored/>
  </testcase> <!-- Test2 -->
</testsuite> <!-- Test -->
