<?xml version="1.0" encoding="UTF-8"?>
<!-- Generated by org.testng.reporters.JUnitXMLReporter -->
<testsuite ignored="0" hostname="LAPTOP-D021V5CU" failures="0" tests="4" name="Command line test" time="9.339" errors="0" timestamp="2021-02-18T17:03:59 IST">
  <testcase classname="IMDB.Movies.AppiumTest" name="HybridApp" time="0.002"/>
  <testcase classname="IMDB.Movies.AppiumTest" name="NativeApp" time="0.001"/>
  <testcase classname="IMDB.Movies.SeleniumTest" name="SeleniumTest102" time="8.868"/>
  <testcase classname="IMDB.Movies.SeleniumTest" name="Test2" time="0.0"/>
</testsuite> <!-- Command line test -->
