<?xml version="1.0" encoding="UTF-8"?>
<!-- Generated by org.testng.reporters.JUnitXMLReporter -->
<testsuite ignored="2" hostname="LAPTOP-D021V5CU" failures="1" tests="2" name="Test" time="0.091" errors="0" timestamp="2021-02-18T17:04:13 IST">
  <testcase classname="IMDB.Movies.SeleniumTest" name="SeleniumTest102" time="0.011">
    <failure type="java.lang.NullPointerException">
      <![CDATA[java.lang.NullPointerException
at IMDB.Movies.SeleniumTest.SeleniumTest102(SeleniumTest.java:42)
at java.base/java.util.ArrayList.forEach(ArrayList.java:1541)
... Removed 31 stack frames]]>
    </failure>
  </testcase> <!-- SeleniumTest102 -->
  <testcase classname="IMDB.Movies.SeleniumTest" name="Test2" time="0.001"/>
  <testcase classname="IMDB.Movies.AppiumTest" name="NativeApp" time="0.0">
    <ignored/>
  </testcase> <!-- NativeApp -->
  <testcase classname="IMDB.Movies.AppiumTest" name="HybridApp" time="0.0">
    <ignored/>
  </testcase> <!-- HybridApp -->
</testsuite> <!-- Test -->
