<?xml version="1.0" encoding="UTF-8"?>
<testsuite xmlns:xsi="http://www.w3.org/2001/XMLSchema-instance" xsi:noNamespaceSchemaLocation="https://maven.apache.org/surefire/maven-surefire-plugin/xsd/surefire-test-report.xsd" name="TestSuite" time="1.442" tests="2" errors="0" skipped="0" failures="1">
  <properties>
[...]
</properties>
  <testcase name="SeleniumTest102" classname="IMDB.Movies.SeleniumTest" time="0.037">
    <failure type="java.lang.NullPointerException">java.lang.NullPointerException
	at IMDB.Movies.SeleniumTest.SeleniumTest102(SeleniumTest.java:42)
</failure>
  </testcase>
  <testcase name="Test2" classname="IMDB.Movies.SeleniumTest" time="0.006"/>
</testsuite>