<?xml version="1.0" encoding="UTF-8"?>
<testng-results ignored="0" total="2" passed="2" failed="0" skipped="0">
  <reporter-output>
  </reporter-output>
  <suite started-at="2021-02-18T17:05:36 IST" name="Default suite" finished-at="2021-02-18T17:05:45 IST" duration-ms="9046">
    <groups>
      <group name="SMOKE">
        <method signature="SeleniumTest.SeleniumTest102()[pri:0, instance:IMDB.Movies.SeleniumTest@18ce0030]" name="SeleniumTest102" class="IMDB.Movies.SeleniumTest"/>
        <method signature="SeleniumTest.Test2()[pri:0, instance:IMDB.Movies.SeleniumTest@18ce0030]" name="Test2" class="IMDB.Movies.SeleniumTest"/>
      </group> <!-- SMOKE -->
    </groups>
    <test started-at="2021-02-18T17:05:36 IST" name="Default test" finished-at="2021-02-18T17:05:45 IST" duration-ms="9046">
      <class name="IMDB.Movies.SeleniumTest">
        <test-method is-config="true" signature="report()[pri:0, instance:IMDB.Movies.SeleniumTest@18ce0030]" started-at="2021-02-18T17:05:36 IST" name="report" finished-at="2021-02-18T17:05:38 IST" duration-ms="1221" status="PASS">
          <reporter-output>
          </reporter-output>
        </test-method> <!-- report -->
        <test-method signature="SeleniumTest102()[pri:0, instance:IMDB.Movies.SeleniumTest@18ce0030]" started-at="2021-02-18T17:05:38 IST" name="SeleniumTest102" finished-at="2021-02-18T17:05:45 IST" duration-ms="7774" status="PASS">
          <reporter-output>
          </reporter-output>
        </test-method> <!-- SeleniumTest102 -->
        <test-method signature="Test2()[pri:0, instance:IMDB.Movies.SeleniumTest@18ce0030]" started-at="2021-02-18T17:05:45 IST" name="Test2" finished-at="2021-02-18T17:05:45 IST" duration-ms="2" status="PASS">
          <reporter-output>
          </reporter-output>
        </test-method> <!-- Test2 -->
      </class> <!-- IMDB.Movies.SeleniumTest -->
    </test> <!-- Default test -->
  </suite> <!-- Default suite -->
</testng-results>
