<?xml version="1.0" encoding="UTF-8"?>
<testng-results ignored="0" total="2" passed="2" failed="0" skipped="0">
  <reporter-output>
  </reporter-output>
  <suite started-at="2021-02-23T19:41:41 IST" name="Default suite" finished-at="2021-02-23T19:41:52 IST" duration-ms="10725">
    <groups>
      <group name="SMOKE">
        <method signature="SeleniumTest.SeleniumTest102()[pri:0, instance:IMDB.Movies.SeleniumTest@27ae2fd0]" name="SeleniumTest102" class="IMDB.Movies.SeleniumTest"/>
        <method signature="SeleniumTest.Test2()[pri:0, instance:IMDB.Movies.SeleniumTest@27ae2fd0]" name="Test2" class="IMDB.Movies.SeleniumTest"/>
      </group> <!-- SMOKE -->
    </groups>
    <test started-at="2021-02-23T19:41:41 IST" name="Default test" finished-at="2021-02-23T19:41:52 IST" duration-ms="10725">
      <class name="IMDB.Movies.SeleniumTest">
        <test-method is-config="true" signature="report()[pri:0, instance:IMDB.Movies.SeleniumTest@27ae2fd0]" started-at="2021-02-23T19:41:41 IST" name="report" finished-at="2021-02-23T19:41:42 IST" duration-ms="530" status="PASS">
          <reporter-output>
          </reporter-output>
        </test-method> <!-- report -->
        <test-method signature="SeleniumTest102()[pri:0, instance:IMDB.Movies.SeleniumTest@27ae2fd0]" started-at="2021-02-23T19:41:42 IST" name="SeleniumTest102" finished-at="2021-02-23T19:41:52 IST" duration-ms="10122" status="PASS">
          <reporter-output>
          </reporter-output>
        </test-method> <!-- SeleniumTest102 -->
        <test-method signature="Test2()[pri:0, instance:IMDB.Movies.SeleniumTest@27ae2fd0]" started-at="2021-02-23T19:41:52 IST" name="Test2" finished-at="2021-02-23T19:41:52 IST" duration-ms="4" status="PASS">
          <reporter-output>
          </reporter-output>
        </test-method> <!-- Test2 -->
      </class> <!-- IMDB.Movies.SeleniumTest -->
    </test> <!-- Default test -->
  </suite> <!-- Default suite -->
</testng-results>
